<?xml version="1.0" encoding="UTF-8"?>
<!-- Generated by org.testng.reporters.JUnitReportReporter -->
<testsuite hostname="Raghu" failures="0" tests="1" name="testng.NewTest" time="27.987" errors="0" timestamp="2021-11-11T23:01:46 IST" skipped="0">
  <testcase classname="testng.NewTest" name="f" time="27.987"/>
  <system-out/>
</testsuite> <!-- testng.NewTest -->
