<?xml version="1.0" encoding="UTF-8"?>
<!-- Generated by org.testng.reporters.JUnitReportReporter -->
<testsuite hostname="Raghu" failures="0" tests="6" name="testng.Crossbrowsertestng" time="13.501" errors="0" timestamp="2021-11-11T17:54:39 IST" skipped="0">
  <testcase classname="testng.Crossbrowsertestng" name="validateLoginButton" time="4.057"/>
  <system-out/>
  <testcase classname="testng.Crossbrowsertestng" name="LoginFBappplication" time="0.399"/>
  <system-out/>
  <testcase classname="testng.Crossbrowsertestng" name="validateLoginButton" time="4.082"/>
  <system-out/>
  <testcase classname="testng.Crossbrowsertestng" name="LoginFBappplication" time="0.405"/>
  <system-out/>
  <testcase classname="testng.Crossbrowsertestng" name="validateLoginButton" time="4.108"/>
  <system-out/>
  <testcase classname="testng.Crossbrowsertestng" name="LoginFBappplication" time="0.450"/>
  <system-out/>
</testsuite> <!-- testng.Crossbrowsertestng -->
