<?xml version="1.0" encoding="UTF-8"?>
<!-- Generated by org.testng.reporters.JUnitReportReporter -->
<testsuite hostname="Raghu" failures="0" tests="1" name="testng.Fb_login2_validation" time="6.449" errors="0" timestamp="2021-11-11T23:01:46 IST" skipped="0">
  <testcase classname="testng.Fb_login2_validation" name="LoginFBappplication" time="6.449"/>
  <system-out/>
</testsuite> <!-- testng.Fb_login2_validation -->
