<?xml version="1.0" encoding="UTF-8"?>
<!-- Generated by org.testng.reporters.JUnitReportReporter -->
<testsuite hostname="Raghu" failures="0" tests="3" name="testng.AnnotationSampleTwo" time="0.010" errors="0" timestamp="2021-11-11T23:01:46 IST" skipped="0">
  <testcase classname="testng.AnnotationSampleTwo" name="z" time="0.002"/>
  <system-out/>
  <testcase classname="testng.AnnotationSampleTwo" name="f" time="0.003"/>
  <system-out/>
  <testcase classname="testng.AnnotationSampleTwo" name="abc" time="0.005"/>
  <system-out/>
</testsuite> <!-- testng.AnnotationSampleTwo -->
