<?xml version="1.0" encoding="UTF-8"?>
<!-- Generated by org.testng.reporters.JUnitReportReporter -->
<testsuite hostname="Raghu" failures="0" tests="2" name="testng.CrossBrowserTestingFBlogin" time="4.545" errors="0" timestamp="2021-11-11T17:15:09 IST" skipped="0">
  <testcase classname="testng.CrossBrowserTestingFBlogin" name="validateLoginButton" time="4.095"/>
  <system-out/>
  <testcase classname="testng.CrossBrowserTestingFBlogin" name="LoginFBappplication" time="0.450"/>
  <system-out/>
</testsuite> <!-- testng.CrossBrowserTestingFBlogin -->
