<?xml version="1.0" encoding="UTF-8"?>
<!-- Generated by org.testng.reporters.JUnitReportReporter -->
<testsuite hostname="Raghu" failures="0" tests="6" name="testng.crossbrowsertesting_FB_Login" time="1.378" errors="0" timestamp="2021-11-11T23:49:54 IST" skipped="0">
  <testcase classname="testng.crossbrowsertesting_FB_Login" name="tc_001_validateloginbutton" time="0.055"/>
  <system-out/>
  <testcase classname="testng.crossbrowsertesting_FB_Login" name="tc_001_validateloginbutton" time="0.093"/>
  <system-out/>
  <testcase classname="testng.crossbrowsertesting_FB_Login" name="tc_002_loginfbapplication" time="0.373"/>
  <system-out/>
  <testcase classname="testng.crossbrowsertesting_FB_Login" name="tc_002_loginfbapplication" time="0.428"/>
  <system-out/>
  <testcase classname="testng.crossbrowsertesting_FB_Login" name="tc_002_loginfbapplication" time="0.367"/>
  <system-out/>
  <testcase classname="testng.crossbrowsertesting_FB_Login" name="tc_001_validateloginbutton" time="0.062"/>
  <system-out/>
</testsuite> <!-- testng.crossbrowsertesting_FB_Login -->
