<?xml version="1.0" encoding="UTF-8"?>
<!-- Generated by org.testng.reporters.JUnitReportReporter -->
<testsuite hostname="Raghu" failures="0" tests="4" name="testng.AnnotationsOne" time="0.004" errors="0" timestamp="2021-11-11T23:01:46 IST" skipped="0">
  <testcase classname="testng.AnnotationsOne" name="c" time="0.002"/>
  <system-out/>
  <testcase classname="testng.AnnotationsOne" name="h" time="0.000"/>
  <system-out/>
  <testcase classname="testng.AnnotationsOne" name="abc" time="0.002"/>
  <system-out/>
  <testcase classname="testng.AnnotationsOne" name="z" time="0.000"/>
  <system-out/>
</testsuite> <!-- testng.AnnotationsOne -->
