<?xml version="1.0" encoding="UTF-8"?>
<!-- Generated by org.testng.reporters.JUnitReportReporter -->
<testsuite hostname="Raghu" failures="0" tests="6" name="testng.crossbrowsertesting_FB_Login" time="7.995" errors="0" timestamp="2021-11-13T04:52:08 IST" skipped="0">
  <testcase classname="testng.crossbrowsertesting_FB_Login" name="tc_001_validateloginbutton" time="0.116"/>
  <system-out/>
  <testcase classname="testng.crossbrowsertesting_FB_Login" name="tc_002_loginfbapplication" time="6.385"/>
  <system-out/>
  <testcase classname="testng.crossbrowsertesting_FB_Login" name="tc_001_validateloginbutton" time="0.128"/>
  <system-out/>
  <testcase classname="testng.crossbrowsertesting_FB_Login" name="tc_002_loginfbapplication" time="0.431"/>
  <system-out/>
  <testcase classname="testng.crossbrowsertesting_FB_Login" name="tc_002_loginfbapplication" time="0.459"/>
  <system-out/>
  <testcase classname="testng.crossbrowsertesting_FB_Login" name="tc_001_validateloginbutton" time="0.476"/>
  <system-out/>
</testsuite> <!-- testng.crossbrowsertesting_FB_Login -->
