<?xml version="1.0" encoding="UTF-8"?>
<!-- Generated by org.testng.reporters.JUnitReportReporter -->
<testsuite hostname="Raghu" failures="0" tests="4" name="testng.DataProviderSample" time="25.866" errors="0" timestamp="2021-11-11T23:01:46 IST" skipped="0">
  <testcase classname="testng.DataProviderSample" name="f" time="6.538"/>
  <system-out/>
  <testcase classname="testng.DataProviderSample" name="f" time="6.433"/>
  <system-out/>
  <testcase classname="testng.DataProviderSample" name="f" time="6.449"/>
  <system-out/>
  <testcase classname="testng.DataProviderSample" name="f" time="6.446"/>
  <system-out/>
</testsuite> <!-- testng.DataProviderSample -->
