<?xml version="1.0" encoding="UTF-8"?>
<!-- Generated by org.testng.reporters.JUnitReportReporter -->
<testsuite hostname="Raghu" failures="0" tests="2" name="testng.FB_Login" time="0.429" errors="0" timestamp="2021-11-11T23:01:46 IST" skipped="0">
  <testcase classname="testng.FB_Login" name="tc_001_validateloginbutton" time="0.072"/>
  <system-out/>
  <testcase classname="testng.FB_Login" name="tc_002_loginfbapplication" time="0.357"/>
  <system-out/>
</testsuite> <!-- testng.FB_Login -->
