<?xml version="1.0" encoding="UTF-8"?>
<!-- Generated by org.testng.reporters.JUnitReportReporter -->
<testsuite hostname="Raghu" failures="0" tests="4" name="testng.PrioritySample" time="0.011" errors="0" timestamp="2021-11-11T23:01:46 IST" skipped="0">
  <testcase classname="testng.PrioritySample" name="c" time="0.006"/>
  <system-out/>
  <testcase classname="testng.PrioritySample" name="z" time="0.000"/>
  <system-out/>
  <testcase classname="testng.PrioritySample" name="abc" time="0.005"/>
  <system-out/>
  <testcase classname="testng.PrioritySample" name="h" time="0.000"/>
  <system-out/>
</testsuite> <!-- testng.PrioritySample -->
